<?xml version="1.0"?>
<testsuite name="Chrome 50.0.2661 (Mac OS X 10.10.5)" package="" timestamp="2016-05-05T20:23:15" id="0" hostname="asc-paulm.ad.ascendlearning.com" tests="2" errors="1" failures="2" time="0.094">
  <properties>
    <property name="browser.fullName" value="Mozilla/5.0 (Macintosh; Intel Mac OS X 10_10_5) AppleWebKit/537.36 (KHTML, like Gecko) Chrome/50.0.2661.94 Safari/537.36"/>
  </properties>
  <testcase name="messagesController The messages controller  should have a logged in user handle" time="0.06" classname="Chrome_50_0_2661_(Mac_OS_X_10_10_5).messagesController">
    <failure type="">TypeError: Cannot read property 'username' of null
    at new &lt;anonymous&gt; (/Users/paul.michalek/source-git/hw4/Tweedledee_App/grails-app/assets/javascripts/app/controllers/messageController.js:9:453)
    at Object.instantiate (/Users/paul.michalek/source-git/hw4/Tweedledee_App/grails-app/assets/bower/angular/angular.js:4680:14)
    at $controller (/Users/paul.michalek/source-git/hw4/Tweedledee_App/grails-app/assets/bower/angular/angular.js:10130:28)
    at /Users/paul.michalek/source-git/hw4/Tweedledee_App/grails-app/assets/bower/angular-mocks/angular-mocks.js:2194:12
    at createController (/Users/paul.michalek/source-git/hw4/Tweedledee_App/src/test/javascript/messageSpec.js:19:52)
    at Object.&lt;anonymous&gt; (/Users/paul.michalek/source-git/hw4/Tweedledee_App/src/test/javascript/messageSpec.js:34:19)
</failure>
    <failure type="">Error: Unsatisfied requests: GET /api\/account\/.*\/messages\?.*/
    at Function.$httpBackend.verifyNoOutstandingExpectation (/Users/paul.michalek/source-git/hw4/Tweedledee_App/grails-app/assets/bower/angular-mocks/angular-mocks.js:1820:13)
    at Object.&lt;anonymous&gt; (/Users/paul.michalek/source-git/hw4/Tweedledee_App/src/test/javascript/messageSpec.js:70:16)
</failure>
  </testcase>
  <testcase name="messagesController The messages controller  should add a message and reload the profile page with message posted flag" time="0.034" classname="Chrome_50_0_2661_(Mac_OS_X_10_10_5).messagesController">
    <failure type="">TypeError: Cannot read property 'username' of null
    at new &lt;anonymous&gt; (/Users/paul.michalek/source-git/hw4/Tweedledee_App/grails-app/assets/javascripts/app/controllers/messageController.js:9:453)
    at Object.instantiate (/Users/paul.michalek/source-git/hw4/Tweedledee_App/grails-app/assets/bower/angular/angular.js:4680:14)
    at $controller (/Users/paul.michalek/source-git/hw4/Tweedledee_App/grails-app/assets/bower/angular/angular.js:10130:28)
    at /Users/paul.michalek/source-git/hw4/Tweedledee_App/grails-app/assets/bower/angular-mocks/angular-mocks.js:2194:12
    at createController (/Users/paul.michalek/source-git/hw4/Tweedledee_App/src/test/javascript/messageSpec.js:19:52)
    at Object.&lt;anonymous&gt; (/Users/paul.michalek/source-git/hw4/Tweedledee_App/src/test/javascript/messageSpec.js:51:19)
</failure>
    <failure type="">Error: Unflushed requests: 1
    at Function.$httpBackend.verifyNoOutstandingRequest (/Users/paul.michalek/source-git/hw4/Tweedledee_App/grails-app/assets/bower/angular-mocks/angular-mocks.js:1840:13)
    at Object.&lt;anonymous&gt; (/Users/paul.michalek/source-git/hw4/Tweedledee_App/src/test/javascript/messageSpec.js:71:16)
</failure>
  </testcase>
  <system-out>
    <![CDATA[Chrome 50.0.2661 (Mac OS X 10.10.5) LOG: ' current user ', null
,Chrome 50.0.2661 (Mac OS X 10.10.5) LOG: ' current user ', null

]]>
  </system-out>
  <system-err/>
</testsuite>